{"event":"run_started","level":"info","total_stages":1,"ts":"2026-06-09T09:49:14.544Z","run_id":"run-2384-1780998554543655500"}
{"event":"stage_started","level":"info","node_id":"n_mq6gjao4_6x9t7","label":"PostgreSQL","kind":"view","component":"src.postgres","ts":"2026-06-09T09:49:14.544Z","run_id":"run-2384-1780998554543655500"}
{"event":"stage_finished","level":"error","node_id":"n_mq6gjao4_6x9t7","kind":"view","status":"error","rows":null,"duration_ms":812,"error":"query: Catalog Error: Table with name \"stg_application_countries.stg_application_countries\" does not exist because schema \"stg_application_countries\" does not exist.\r\n\r\nLINE 1: ...tries\") TO 'C:/Users/TRINHN~1/AppData/Local/Temp/duckle_run_2384_1780998554544362100_2.duckdb.attsrc-n_mq6gjao4_6x9t7...\r\n                                                                      ^","component":"src.postgres","label":"PostgreSQL","ts":"2026-06-09T09:49:15.356Z","run_id":"run-2384-1780998554543655500"}
{"event":"run_finished","level":"error","status":"error","duration_ms":813,"ts":"2026-06-09T09:49:15.357Z","run_id":"run-2384-1780998554543655500"}
{"event":"run_started","level":"info","total_stages":1,"ts":"2026-06-09T09:49:24.936Z","run_id":"run-2384-1780998564936374800"}
{"event":"stage_started","level":"info","node_id":"n_mq6gjao4_6x9t7","label":"PostgreSQL","kind":"view","component":"src.postgres","ts":"2026-06-09T09:49:24.936Z","run_id":"run-2384-1780998564936374800"}
{"event":"stage_finished","level":"error","node_id":"n_mq6gjao4_6x9t7","kind":"view","status":"error","rows":null,"duration_ms":207,"error":"query: Invalid Error: Failed to prepare COPY \"COPY (SELECT \"country_id\", \"country_name\", \"formal_name\", \"iso_alpha3_code\", \"iso_numeric_code\", \"country_type\", \"latest_recorded_population\", \"continent\", \"region\", \"subregion\", \"border\", \"last_edited_by\", \"valid_from\", \"valid_to\" FROM \"staging\".\"stg_application_countries\" ) TO STDOUT (FORMAT \"binary\");\": ERROR:  permission denied for schema staging\r\nLINE 1: ..., \"last_edited_by\", \"valid_from\", \"valid_to\" FROM \"staging\"....\r\n                                                             ^","component":"src.postgres","label":"PostgreSQL","ts":"2026-06-09T09:49:25.144Z","run_id":"run-2384-1780998564936374800"}
{"event":"run_finished","level":"error","status":"error","duration_ms":207,"ts":"2026-06-09T09:49:25.144Z","run_id":"run-2384-1780998564936374800"}
{"event":"run_started","level":"info","total_stages":1,"ts":"2026-06-09T09:51:48.848Z","run_id":"run-2384-1780998708848058500"}
{"event":"stage_started","level":"info","node_id":"n_mq6gjao4_6x9t7","label":"PostgreSQL","kind":"view","component":"src.postgres","ts":"2026-06-09T09:51:48.848Z","run_id":"run-2384-1780998708848058500"}
{"event":"stage_finished","level":"error","node_id":"n_mq6gjao4_6x9t7","kind":"view","status":"error","rows":null,"duration_ms":206,"error":"query: Invalid Error: Failed to prepare COPY \"COPY (SELECT \"country_id\", \"country_name\", \"formal_name\", \"iso_alpha3_code\", \"iso_numeric_code\", \"country_type\", \"latest_recorded_population\", \"continent\", \"region\", \"subregion\", \"border\", \"last_edited_by\", \"valid_from\", \"valid_to\" FROM \"staging\".\"stg_application_countries\" ) TO STDOUT (FORMAT \"binary\");\": ERROR:  permission denied for schema staging\r\nLINE 1: ..., \"last_edited_by\", \"valid_from\", \"valid_to\" FROM \"staging\"....\r\n                                                             ^","component":"src.postgres","label":"PostgreSQL","ts":"2026-06-09T09:51:49.054Z","run_id":"run-2384-1780998708848058500"}
{"event":"run_finished","level":"error","status":"error","duration_ms":207,"ts":"2026-06-09T09:51:49.055Z","run_id":"run-2384-1780998708848058500"}
{"event":"run_started","level":"info","total_stages":1,"ts":"2026-06-09T09:52:21.121Z","run_id":"run-2384-1780998741121115900"}
{"event":"stage_started","level":"info","node_id":"n_mq6gjao4_6x9t7","label":"PostgreSQL","kind":"view","component":"src.postgres","ts":"2026-06-09T09:52:21.121Z","run_id":"run-2384-1780998741121115900"}
{"event":"stage_finished","level":"error","node_id":"n_mq6gjao4_6x9t7","kind":"view","status":"error","rows":null,"duration_ms":246,"error":"query: Invalid Error: Failed to prepare COPY \"COPY (SELECT \"country_id\", \"country_name\", \"formal_name\", \"iso_alpha3_code\", \"iso_numeric_code\", \"country_type\", \"latest_recorded_population\", \"continent\", \"region\", \"subregion\", \"border\", \"last_edited_by\", \"valid_from\", \"valid_to\" FROM \"staging\".\"stg_application_countries\" ) TO STDOUT (FORMAT \"binary\");\": ERROR:  permission denied for schema staging\r\nLINE 1: ..., \"last_edited_by\", \"valid_from\", \"valid_to\" FROM \"staging\"....\r\n                                                             ^","component":"src.postgres","label":"PostgreSQL","ts":"2026-06-09T09:52:21.368Z","run_id":"run-2384-1780998741121115900"}
{"event":"run_finished","level":"error","status":"error","duration_ms":247,"ts":"2026-06-09T09:52:21.368Z","run_id":"run-2384-1780998741121115900"}
{"event":"run_started","level":"info","total_stages":1,"ts":"2026-06-09T09:52:58.115Z","run_id":"run-2384-1780998778115706900"}
{"event":"stage_started","level":"info","node_id":"n_mq6gjao4_6x9t7","label":"PostgreSQL","kind":"view","component":"src.postgres","ts":"2026-06-09T09:52:58.116Z","run_id":"run-2384-1780998778115706900"}
{"event":"stage_finished","level":"error","node_id":"n_mq6gjao4_6x9t7","kind":"view","status":"error","rows":null,"duration_ms":247,"error":"query: Invalid Error: Failed to prepare COPY \"COPY (SELECT \"country_id\", \"country_name\", \"formal_name\", \"iso_alpha3_code\", \"iso_numeric_code\", \"country_type\", \"latest_recorded_population\", \"continent\", \"region\", \"subregion\", \"border\", \"last_edited_by\", \"valid_from\", \"valid_to\" FROM \"staging\".\"stg_application_countries\" ) TO STDOUT (FORMAT \"binary\");\": ERROR:  permission denied for schema staging\r\nLINE 1: ..., \"last_edited_by\", \"valid_from\", \"valid_to\" FROM \"staging\"....\r\n                                                             ^","component":"src.postgres","label":"PostgreSQL","ts":"2026-06-09T09:52:58.363Z","run_id":"run-2384-1780998778115706900"}
{"event":"run_finished","level":"error","status":"error","duration_ms":248,"ts":"2026-06-09T09:52:58.363Z","run_id":"run-2384-1780998778115706900"}
{"event":"run_started","level":"info","total_stages":1,"ts":"2026-06-09T09:54:31.963Z","run_id":"run-2384-1780998871963336800"}
{"event":"stage_started","level":"info","node_id":"n_mq6gjao4_6x9t7","label":"PostgreSQL","kind":"view","component":"src.postgres","ts":"2026-06-09T09:54:31.963Z","run_id":"run-2384-1780998871963336800"}
{"event":"stage_finished","level":"error","node_id":"n_mq6gjao4_6x9t7","kind":"view","status":"error","rows":null,"duration_ms":207,"error":"query: Invalid Error: Failed to prepare COPY \"COPY (SELECT \"country_id\", \"country_name\", \"formal_name\", \"iso_alpha3_code\", \"iso_numeric_code\", \"country_type\", \"latest_recorded_population\", \"continent\", \"region\", \"subregion\", \"border\", \"last_edited_by\", \"valid_from\", \"valid_to\" FROM \"staging\".\"stg_application_countries\" ) TO STDOUT (FORMAT \"binary\");\": ERROR:  permission denied for schema staging\r\nLINE 1: ..., \"last_edited_by\", \"valid_from\", \"valid_to\" FROM \"staging\"....\r\n                                                             ^","component":"src.postgres","label":"PostgreSQL","ts":"2026-06-09T09:54:32.171Z","run_id":"run-2384-1780998871963336800"}
{"event":"run_finished","level":"error","status":"error","duration_ms":208,"ts":"2026-06-09T09:54:32.171Z","run_id":"run-2384-1780998871963336800"}
{"event":"run_started","level":"info","total_stages":1,"ts":"2026-06-09T09:56:00.117Z","run_id":"run-2384-1780998960117627600"}
{"event":"stage_started","level":"info","node_id":"n_mq6gjao4_6x9t7","label":"PostgreSQL","kind":"view","component":"src.postgres","ts":"2026-06-09T09:56:00.117Z","run_id":"run-2384-1780998960117627600"}
{"event":"stage_finished","level":"error","node_id":"n_mq6gjao4_6x9t7","kind":"view","status":"error","rows":null,"duration_ms":206,"error":"query: Invalid Error: Failed to prepare COPY \"COPY (SELECT \"country_id\", \"country_name\", \"formal_name\", \"iso_alpha3_code\", \"iso_numeric_code\", \"country_type\", \"latest_recorded_population\", \"continent\", \"region\", \"subregion\", \"border\", \"last_edited_by\", \"valid_from\", \"valid_to\" FROM \"staging\".\"stg_application_countries\" ) TO STDOUT (FORMAT \"binary\");\": ERROR:  permission denied for schema staging\r\nLINE 1: ..., \"last_edited_by\", \"valid_from\", \"valid_to\" FROM \"staging\"....\r\n                                                             ^","component":"src.postgres","label":"PostgreSQL","ts":"2026-06-09T09:56:00.324Z","run_id":"run-2384-1780998960117627600"}
{"event":"run_finished","level":"error","status":"error","duration_ms":207,"ts":"2026-06-09T09:56:00.324Z","run_id":"run-2384-1780998960117627600"}
{"event":"run_started","level":"info","total_stages":1,"ts":"2026-06-09T09:56:42.067Z","run_id":"run-2384-1780999002067546900"}
{"event":"stage_started","level":"info","node_id":"n_mq6gjao4_6x9t7","label":"PostgreSQL","kind":"view","component":"src.postgres","ts":"2026-06-09T09:56:42.067Z","run_id":"run-2384-1780999002067546900"}
{"event":"stage_finished","level":"error","node_id":"n_mq6gjao4_6x9t7","kind":"view","status":"error","rows":null,"duration_ms":247,"error":"query: Invalid Error: Failed to prepare COPY \"COPY (SELECT \"country_id\", \"country_name\", \"formal_name\", \"iso_alpha3_code\", \"iso_numeric_code\", \"country_type\", \"latest_recorded_population\", \"continent\", \"region\", \"subregion\", \"border\", \"last_edited_by\", \"valid_from\", \"valid_to\" FROM \"staging\".\"stg_application_countries\" ) TO STDOUT (FORMAT \"binary\");\": ERROR:  permission denied for schema staging\r\nLINE 1: ..., \"last_edited_by\", \"valid_from\", \"valid_to\" FROM \"staging\"....\r\n                                                             ^","component":"src.postgres","label":"PostgreSQL","ts":"2026-06-09T09:56:42.315Z","run_id":"run-2384-1780999002067546900"}
{"event":"run_finished","level":"error","status":"error","duration_ms":248,"ts":"2026-06-09T09:56:42.315Z","run_id":"run-2384-1780999002067546900"}
{"event":"run_started","level":"info","total_stages":1,"ts":"2026-06-09T09:58:31.078Z","run_id":"run-2384-1780999111078446900"}
{"event":"stage_started","level":"info","node_id":"n_mq6gjao4_6x9t7","label":"PostgreSQL","kind":"view","component":"src.postgres","ts":"2026-06-09T09:58:31.078Z","run_id":"run-2384-1780999111078446900"}
{"event":"stage_finished","level":"error","node_id":"n_mq6gjao4_6x9t7","kind":"view","status":"error","rows":null,"duration_ms":86,"error":"query: Parser Error: syntax error at or near \";\"\r\n\r\nLINE 1: ... duckle_src (TYPE POSTGRES, READ_ONLY); COPY ((SELECT 1 AS test;)) TO 'C:/Users/TRINHN~1/AppData/Local/Temp/duckle_run_238...\r\n                                                                          ^","component":"src.postgres","label":"PostgreSQL","ts":"2026-06-09T09:58:31.165Z","run_id":"run-2384-1780999111078446900"}
{"event":"run_finished","level":"error","status":"error","duration_ms":87,"ts":"2026-06-09T09:58:31.165Z","run_id":"run-2384-1780999111078446900"}
{"event":"run_started","level":"info","total_stages":1,"ts":"2026-06-09T09:58:53.066Z","run_id":"run-2384-1780999133066494700"}
{"event":"stage_started","level":"info","node_id":"n_mq6gjao4_6x9t7","label":"PostgreSQL","kind":"view","component":"src.postgres","ts":"2026-06-09T09:58:53.066Z","run_id":"run-2384-1780999133066494700"}
{"event":"stage_finished","level":"info","node_id":"n_mq6gjao4_6x9t7","kind":"view","status":"ok","rows":1,"duration_ms":287,"error":null,"component":"src.postgres","label":"PostgreSQL","ts":"2026-06-09T09:58:53.439Z","run_id":"run-2384-1780999133066494700"}
{"event":"run_finished","level":"info","status":"ok","duration_ms":373,"ts":"2026-06-09T09:58:53.439Z","run_id":"run-2384-1780999133066494700"}
{"event":"run_started","level":"info","total_stages":1,"ts":"2026-06-09T10:41:51.731Z","run_id":"run-2384-1781001711731252300"}
{"event":"stage_started","level":"info","node_id":"n_mq6gjao4_6x9t7","label":"PostgreSQL","kind":"view","component":"src.postgres","ts":"2026-06-09T10:41:51.731Z","run_id":"run-2384-1781001711731252300"}
{"event":"stage_finished","level":"info","node_id":"n_mq6gjao4_6x9t7","kind":"view","status":"ok","rows":1,"duration_ms":917,"error":null,"component":"src.postgres","label":"PostgreSQL","ts":"2026-06-09T10:41:52.734Z","run_id":"run-2384-1781001711731252300"}
{"event":"run_finished","level":"info","status":"ok","duration_ms":1003,"ts":"2026-06-09T10:41:52.734Z","run_id":"run-2384-1781001711731252300"}
{"event":"run_started","level":"info","total_stages":1,"ts":"2026-06-09T10:42:04.128Z","run_id":"run-2384-1781001724128574100"}
{"event":"stage_started","level":"info","node_id":"n_mq6gjao4_6x9t7","label":"PostgreSQL","kind":"view","component":"src.postgres","ts":"2026-06-09T10:42:04.128Z","run_id":"run-2384-1781001724128574100"}
{"event":"stage_finished","level":"error","node_id":"n_mq6gjao4_6x9t7","kind":"view","status":"error","rows":null,"duration_ms":287,"error":"query: Binder Error: * expression without FROM clause!","component":"src.postgres","label":"PostgreSQL","ts":"2026-06-09T10:42:04.416Z","run_id":"run-2384-1781001724128574100"}
{"event":"run_finished","level":"error","status":"error","duration_ms":288,"ts":"2026-06-09T10:42:04.416Z","run_id":"run-2384-1781001724128574100"}
{"event":"run_started","level":"info","total_stages":1,"ts":"2026-06-09T10:42:14.464Z","run_id":"run-2384-1781001734464535000"}
{"event":"stage_started","level":"info","node_id":"n_mq6gjao4_6x9t7","label":"PostgreSQL","kind":"view","component":"src.postgres","ts":"2026-06-09T10:42:14.464Z","run_id":"run-2384-1781001734464535000"}
{"event":"stage_finished","level":"error","node_id":"n_mq6gjao4_6x9t7","kind":"view","status":"error","rows":null,"duration_ms":207,"error":"query: Catalog Error: Table with name stg_application_countries does not exist!\r\nDid you mean \"duckle_src.staging.stg_application_countries\"?\r\n\r\nLINE 1: .../Local/Temp/duckle_run_2384_1781001734464823100_14.duckdb.attsrc-n_mq6gjao4_6x9t7.parquet' (FORMAT PARQUET)\r\n                                                                         ^","component":"src.postgres","label":"PostgreSQL","ts":"2026-06-09T10:42:14.672Z","run_id":"run-2384-1781001734464535000"}
{"event":"run_finished","level":"error","status":"error","duration_ms":208,"ts":"2026-06-09T10:42:14.672Z","run_id":"run-2384-1781001734464535000"}
{"event":"run_started","level":"info","total_stages":1,"ts":"2026-06-09T10:42:35.215Z","run_id":"run-2384-1781001755214936900"}
{"event":"stage_started","level":"info","node_id":"n_mq6gjao4_6x9t7","label":"PostgreSQL","kind":"view","component":"src.postgres","ts":"2026-06-09T10:42:35.215Z","run_id":"run-2384-1781001755214936900"}
{"event":"stage_finished","level":"error","node_id":"n_mq6gjao4_6x9t7","kind":"view","status":"error","rows":null,"duration_ms":86,"error":"query: Parser Error: syntax error at or near \";\"\r\n\r\nLINE 1: ..._ONLY); COPY ((select * from staging.stg_application_cities;)) TO 'C:/Users/TRINHN~1/AppData/Local/Temp/duckle_run_238...\r\n                                                                      ^","component":"src.postgres","label":"PostgreSQL","ts":"2026-06-09T10:42:35.301Z","run_id":"run-2384-1781001755214936900"}
{"event":"run_finished","level":"error","status":"error","duration_ms":86,"ts":"2026-06-09T10:42:35.301Z","run_id":"run-2384-1781001755214936900"}
{"event":"run_started","level":"info","total_stages":1,"ts":"2026-06-09T10:42:50.049Z","run_id":"run-2384-1781001770049477100"}
{"event":"stage_started","level":"info","node_id":"n_mq6gjao4_6x9t7","label":"PostgreSQL","kind":"view","component":"src.postgres","ts":"2026-06-09T10:42:50.049Z","run_id":"run-2384-1781001770049477100"}
{"event":"stage_finished","level":"error","node_id":"n_mq6gjao4_6x9t7","kind":"view","status":"error","rows":null,"duration_ms":287,"error":"query: Catalog Error: Table with name \"staging.stg_application_countries\" does not exist because schema \"staging\" does not exist.\r\n\r\nLINE 1: .../AppData/Local/Temp/duckle_run_2384_1781001770049690300_16.duckdb.attsrc-n_mq6gjao4_6x9t7.parquet' (FORMAT PARQUET)\r\n                                                                         ^","component":"src.postgres","label":"PostgreSQL","ts":"2026-06-09T10:42:50.337Z","run_id":"run-2384-1781001770049477100"}
{"event":"run_finished","level":"error","status":"error","duration_ms":288,"ts":"2026-06-09T10:42:50.337Z","run_id":"run-2384-1781001770049477100"}
{"event":"run_started","level":"info","total_stages":1,"ts":"2026-06-09T10:43:11.010Z","run_id":"run-2384-1781001791010731100"}
{"event":"stage_started","level":"info","node_id":"n_mq6gjao4_6x9t7","label":"PostgreSQL","kind":"view","component":"src.postgres","ts":"2026-06-09T10:43:11.010Z","run_id":"run-2384-1781001791010731100"}
{"event":"stage_finished","level":"error","node_id":"n_mq6gjao4_6x9t7","kind":"view","status":"error","rows":null,"duration_ms":207,"error":"query: Invalid Error: Failed to prepare COPY \"COPY (SELECT \"country_id\", \"country_name\", \"formal_name\", \"iso_alpha3_code\", \"iso_numeric_code\", \"country_type\", \"latest_recorded_population\", \"continent\", \"region\", \"subregion\", \"border\", \"last_edited_by\", \"valid_from\", \"valid_to\" FROM \"staging\".\"stg_application_countries\" WHERE ctid BETWEEN '(0,0)'::tid AND '(4294967295,0)'::tid) TO STDOUT (FORMAT \"binary\");\": ERROR:  permission denied for schema staging\r\nLINE 1: ..., \"last_edited_by\", \"valid_from\", \"valid_to\" FROM \"staging\"....\r\n                                                             ^","component":"src.postgres","label":"PostgreSQL","ts":"2026-06-09T10:43:11.218Z","run_id":"run-2384-1781001791010731100"}
{"event":"run_finished","level":"error","status":"error","duration_ms":208,"ts":"2026-06-09T10:43:11.218Z","run_id":"run-2384-1781001791010731100"}
{"event":"run_started","level":"info","total_stages":1,"ts":"2026-06-09T10:43:22.203Z","run_id":"run-2384-1781001802203226500"}
{"event":"stage_started","level":"info","node_id":"n_mq6gjao4_6x9t7","label":"PostgreSQL","kind":"view","component":"src.postgres","ts":"2026-06-09T10:43:22.203Z","run_id":"run-2384-1781001802203226500"}
{"event":"stage_finished","level":"error","node_id":"n_mq6gjao4_6x9t7","kind":"view","status":"error","rows":null,"duration_ms":207,"error":"query: Invalid Error: Failed to prepare COPY \"COPY (SELECT \"country_id\", \"country_name\", \"formal_name\", \"iso_alpha3_code\", \"iso_numeric_code\", \"country_type\", \"latest_recorded_population\", \"continent\", \"region\", \"subregion\", \"border\", \"last_edited_by\", \"valid_from\", \"valid_to\" FROM \"staging\".\"stg_application_countries\" WHERE ctid BETWEEN '(0,0)'::tid AND '(4294967295,0)'::tid) TO STDOUT (FORMAT \"binary\");\": ERROR:  permission denied for schema staging\r\nLINE 1: ..., \"last_edited_by\", \"valid_from\", \"valid_to\" FROM \"staging\"....\r\n                                                             ^","component":"src.postgres","label":"PostgreSQL","ts":"2026-06-09T10:43:22.411Z","run_id":"run-2384-1781001802203226500"}
{"event":"run_finished","level":"error","status":"error","duration_ms":208,"ts":"2026-06-09T10:43:22.411Z","run_id":"run-2384-1781001802203226500"}
{"event":"run_started","level":"info","total_stages":1,"ts":"2026-06-09T10:43:30.902Z","run_id":"run-2384-1781001810902748600"}
{"event":"stage_started","level":"info","node_id":"n_mq6gjao4_6x9t7","label":"PostgreSQL","kind":"view","component":"src.postgres","ts":"2026-06-09T10:43:30.903Z","run_id":"run-2384-1781001810902748600"}
{"event":"stage_finished","level":"info","node_id":"n_mq6gjao4_6x9t7","kind":"view","status":"ok","rows":1,"duration_ms":206,"error":null,"component":"src.postgres","label":"PostgreSQL","ts":"2026-06-09T10:43:31.194Z","run_id":"run-2384-1781001810902748600"}
{"event":"run_finished","level":"info","status":"ok","duration_ms":292,"ts":"2026-06-09T10:43:31.194Z","run_id":"run-2384-1781001810902748600"}
{"event":"run_started","level":"info","total_stages":1,"ts":"2026-06-09T10:44:00.653Z","run_id":"run-2384-1781001840653663600"}
{"event":"stage_started","level":"info","node_id":"n_mq6gjao4_6x9t7","label":"PostgreSQL","kind":"view","component":"src.postgres","ts":"2026-06-09T10:44:00.653Z","run_id":"run-2384-1781001840653663600"}
{"event":"stage_finished","level":"error","node_id":"n_mq6gjao4_6x9t7","kind":"view","status":"error","rows":null,"duration_ms":288,"error":"query: Catalog Error: Table with name \"staging.stg_application_countries\" does not exist because schema \"staging\" does not exist.\r\n\r\nLINE 3: .../TRINHN~1/AppData/Local/Temp/duckle_run_2384_1781001840653949700_20.duckdb.attsrc-n_mq6gjao4_6x9t7.parquet' (FORMAT PARQUET...\r\n                                                                         ^","component":"src.postgres","label":"PostgreSQL","ts":"2026-06-09T10:44:00.942Z","run_id":"run-2384-1781001840653663600"}
{"event":"run_finished","level":"error","status":"error","duration_ms":288,"ts":"2026-06-09T10:44:00.942Z","run_id":"run-2384-1781001840653663600"}
{"event":"run_started","level":"info","total_stages":1,"ts":"2026-06-09T10:44:16.746Z","run_id":"run-2384-1781001856746573400"}
{"event":"stage_started","level":"info","node_id":"n_mq6gjao4_6x9t7","label":"PostgreSQL","kind":"view","component":"src.postgres","ts":"2026-06-09T10:44:16.746Z","run_id":"run-2384-1781001856746573400"}
{"event":"stage_finished","level":"error","node_id":"n_mq6gjao4_6x9t7","kind":"view","status":"error","rows":null,"duration_ms":206,"error":"query: Catalog Error: Table with name stg_application_countries does not exist!\r\nDid you mean \"duckle_src.staging.stg_application_countries\"?\r\n\r\nLINE 3: ...~1/AppData/Local/Temp/duckle_run_2384_1781001856746920200_21.duckdb.attsrc-n_mq6gjao4_6x9t7.parquet' (FORMAT PARQUET)\r\n                                                                          ^","component":"src.postgres","label":"PostgreSQL","ts":"2026-06-09T10:44:16.953Z","run_id":"run-2384-1781001856746573400"}
{"event":"run_finished","level":"error","status":"error","duration_ms":207,"ts":"2026-06-09T10:44:16.953Z","run_id":"run-2384-1781001856746573400"}
{"event":"run_started","level":"info","total_stages":1,"ts":"2026-06-09T10:44:23.689Z","run_id":"run-2384-1781001863689402300"}
{"event":"stage_started","level":"info","node_id":"n_mq6gjao4_6x9t7","label":"PostgreSQL","kind":"view","component":"src.postgres","ts":"2026-06-09T10:44:23.689Z","run_id":"run-2384-1781001863689402300"}
{"event":"stage_finished","level":"error","node_id":"n_mq6gjao4_6x9t7","kind":"view","status":"error","rows":null,"duration_ms":208,"error":"query: Invalid Error: Failed to prepare COPY \"COPY (SELECT \"country_id\", \"country_name\", \"formal_name\", \"iso_alpha3_code\", \"iso_numeric_code\", \"country_type\", \"latest_recorded_population\", \"continent\", \"region\", \"subregion\", \"border\", \"last_edited_by\", \"valid_from\", \"valid_to\" FROM \"staging\".\"stg_application_countries\" WHERE ctid BETWEEN '(0,0)'::tid AND '(4294967295,0)'::tid) TO STDOUT (FORMAT \"binary\");\": ERROR:  permission denied for schema staging\r\nLINE 1: ..., \"last_edited_by\", \"valid_from\", \"valid_to\" FROM \"staging\"....\r\n                                                             ^","component":"src.postgres","label":"PostgreSQL","ts":"2026-06-09T10:44:23.897Z","run_id":"run-2384-1781001863689402300"}
{"event":"run_finished","level":"error","status":"error","duration_ms":208,"ts":"2026-06-09T10:44:23.897Z","run_id":"run-2384-1781001863689402300"}
{"event":"run_started","level":"info","total_stages":1,"ts":"2026-06-09T10:44:44.042Z","run_id":"run-2384-1781001884042094700"}
{"event":"stage_started","level":"info","node_id":"n_mq6gjao4_6x9t7","label":"PostgreSQL","kind":"view","component":"src.postgres","ts":"2026-06-09T10:44:44.042Z","run_id":"run-2384-1781001884042094700"}
{"event":"stage_finished","level":"error","node_id":"n_mq6gjao4_6x9t7","kind":"view","status":"error","rows":null,"duration_ms":208,"error":"query: Invalid Error: Failed to prepare COPY \"COPY (SELECT \"country_id\", \"country_name\", \"formal_name\", \"iso_alpha3_code\", \"iso_numeric_code\", \"country_type\", \"latest_recorded_population\", \"continent\", \"region\", \"subregion\", \"border\", \"last_edited_by\", \"valid_from\", \"valid_to\" FROM \"staging\".\"stg_application_countries\" WHERE ctid BETWEEN '(0,0)'::tid AND '(4294967295,0)'::tid) TO STDOUT (FORMAT \"binary\");\": ERROR:  permission denied for schema staging\r\nLINE 1: ..., \"last_edited_by\", \"valid_from\", \"valid_to\" FROM \"staging\"....\r\n                                                             ^","component":"src.postgres","label":"PostgreSQL","ts":"2026-06-09T10:44:44.251Z","run_id":"run-2384-1781001884042094700"}
{"event":"run_finished","level":"error","status":"error","duration_ms":209,"ts":"2026-06-09T10:44:44.251Z","run_id":"run-2384-1781001884042094700"}
{"event":"run_started","level":"info","total_stages":1,"ts":"2026-06-09T10:45:30.342Z","run_id":"run-2384-1781001930342356800"}
{"event":"stage_started","level":"info","node_id":"n_mq6gjao4_6x9t7","label":"PostgreSQL","kind":"view","component":"src.postgres","ts":"2026-06-09T10:45:30.342Z","run_id":"run-2384-1781001930342356800"}
{"event":"stage_finished","level":"error","node_id":"n_mq6gjao4_6x9t7","kind":"view","status":"error","rows":null,"duration_ms":208,"error":"query: Invalid Error: Failed to prepare COPY \"COPY (SELECT \"country_id\", \"country_name\", \"formal_name\", \"iso_alpha3_code\", \"iso_numeric_code\", \"country_type\", \"latest_recorded_population\", \"continent\", \"region\", \"subregion\", \"border\", \"last_edited_by\", \"valid_from\", \"valid_to\" FROM \"staging\".\"stg_application_countries\" WHERE ctid BETWEEN '(0,0)'::tid AND '(4294967295,0)'::tid) TO STDOUT (FORMAT \"binary\");\": ERROR:  permission denied for schema staging\r\nLINE 1: ..., \"last_edited_by\", \"valid_from\", \"valid_to\" FROM \"staging\"....\r\n                                                             ^","component":"src.postgres","label":"PostgreSQL","ts":"2026-06-09T10:45:30.550Z","run_id":"run-2384-1781001930342356800"}
{"event":"run_finished","level":"error","status":"error","duration_ms":208,"ts":"2026-06-09T10:45:30.550Z","run_id":"run-2384-1781001930342356800"}
{"event":"run_started","level":"info","total_stages":1,"ts":"2026-06-09T10:45:51.851Z","run_id":"run-2384-1781001951851546000"}
{"event":"stage_started","level":"info","node_id":"n_mq6gjao4_6x9t7","label":"PostgreSQL","kind":"view","component":"src.postgres","ts":"2026-06-09T10:45:51.851Z","run_id":"run-2384-1781001951851546000"}
{"event":"stage_finished","level":"error","node_id":"n_mq6gjao4_6x9t7","kind":"view","status":"error","rows":null,"duration_ms":207,"error":"query: Invalid Error: Failed to prepare COPY \"COPY (SELECT \"country_id\", \"country_name\", \"formal_name\", \"iso_alpha3_code\", \"iso_numeric_code\", \"country_type\", \"latest_recorded_population\", \"continent\", \"region\", \"subregion\", \"border\", \"last_edited_by\", \"valid_from\", \"valid_to\" FROM \"staging\".\"stg_application_countries\" WHERE ctid BETWEEN '(0,0)'::tid AND '(4294967295,0)'::tid) TO STDOUT (FORMAT \"binary\");\": ERROR:  permission denied for schema staging\r\nLINE 1: ..., \"last_edited_by\", \"valid_from\", \"valid_to\" FROM \"staging\"....\r\n                                                             ^","component":"src.postgres","label":"PostgreSQL","ts":"2026-06-09T10:45:52.059Z","run_id":"run-2384-1781001951851546000"}
{"event":"run_finished","level":"error","status":"error","duration_ms":207,"ts":"2026-06-09T10:45:52.059Z","run_id":"run-2384-1781001951851546000"}
{"event":"run_started","level":"info","total_stages":1,"ts":"2026-06-09T10:46:33.957Z","run_id":"run-2384-1781001993957511500"}
{"event":"stage_started","level":"info","node_id":"n_mq6gjao4_6x9t7","label":"PostgreSQL","kind":"view","component":"src.postgres","ts":"2026-06-09T10:46:33.957Z","run_id":"run-2384-1781001993957511500"}
{"event":"stage_finished","level":"error","node_id":"n_mq6gjao4_6x9t7","kind":"view","status":"error","rows":null,"duration_ms":287,"error":"query: Invalid Error: Failed to prepare COPY \"COPY (SELECT \"country_id\", \"country_name\", \"formal_name\", \"iso_alpha3_code\", \"iso_numeric_code\", \"country_type\", \"latest_recorded_population\", \"continent\", \"region\", \"subregion\", \"border\", \"last_edited_by\", \"valid_from\", \"valid_to\" FROM \"staging\".\"stg_application_countries\" WHERE ctid BETWEEN '(0,0)'::tid AND '(4294967295,0)'::tid) TO STDOUT (FORMAT \"binary\");\": ERROR:  permission denied for schema staging\r\nLINE 1: ..., \"last_edited_by\", \"valid_from\", \"valid_to\" FROM \"staging\"....\r\n                                                             ^","component":"src.postgres","label":"PostgreSQL","ts":"2026-06-09T10:46:34.245Z","run_id":"run-2384-1781001993957511500"}
{"event":"run_finished","level":"error","status":"error","duration_ms":288,"ts":"2026-06-09T10:46:34.245Z","run_id":"run-2384-1781001993957511500"}
{"event":"run_started","level":"info","total_stages":1,"ts":"2026-06-09T10:48:39.552Z","run_id":"run-6304-1781002119552775100"}
{"event":"stage_started","level":"info","node_id":"n_mq6gjao4_6x9t7","label":"PostgreSQL","kind":"view","component":"src.postgres","ts":"2026-06-09T10:48:39.553Z","run_id":"run-6304-1781002119552775100"}
{"event":"stage_finished","level":"error","node_id":"n_mq6gjao4_6x9t7","kind":"view","status":"error","rows":null,"duration_ms":247,"error":"query: Invalid Error: Failed to prepare COPY \"COPY (SELECT \"country_id\", \"country_name\", \"formal_name\", \"iso_alpha3_code\", \"iso_numeric_code\", \"country_type\", \"latest_recorded_population\", \"continent\", \"region\", \"subregion\", \"border\", \"last_edited_by\", \"valid_from\", \"valid_to\" FROM \"staging\".\"stg_application_countries\" WHERE ctid BETWEEN '(0,0)'::tid AND '(4294967295,0)'::tid) TO STDOUT (FORMAT \"binary\");\": ERROR:  permission denied for schema staging\r\nLINE 1: ..., \"last_edited_by\", \"valid_from\", \"valid_to\" FROM \"staging\"....\r\n                                                             ^","component":"src.postgres","label":"PostgreSQL","ts":"2026-06-09T10:48:39.800Z","run_id":"run-6304-1781002119552775100"}
{"event":"run_finished","level":"error","status":"error","duration_ms":248,"ts":"2026-06-09T10:48:39.800Z","run_id":"run-6304-1781002119552775100"}
{"event":"run_started","level":"info","total_stages":1,"ts":"2026-06-09T10:48:43.279Z","run_id":"run-6304-1781002123279627600"}
{"event":"stage_started","level":"info","node_id":"n_mq6gjao4_6x9t7","label":"PostgreSQL","kind":"view","component":"src.postgres","ts":"2026-06-09T10:48:43.279Z","run_id":"run-6304-1781002123279627600"}
{"event":"stage_finished","level":"error","node_id":"n_mq6gjao4_6x9t7","kind":"view","status":"error","rows":null,"duration_ms":207,"error":"query: Catalog Error: Table with name stg_application_countries does not exist!\r\nDid you mean \"duckle_src.staging.stg_application_countries\"?\r\n\r\nLINE 3: ...~1/AppData/Local/Temp/duckle_run_6304_1781002123279915500_1.duckdb.attsrc-n_mq6gjao4_6x9t7.parquet' (FORMAT PARQUET)\r\n                                                                          ^","component":"src.postgres","label":"PostgreSQL","ts":"2026-06-09T10:48:43.487Z","run_id":"run-6304-1781002123279627600"}
{"event":"run_finished","level":"error","status":"error","duration_ms":207,"ts":"2026-06-09T10:48:43.487Z","run_id":"run-6304-1781002123279627600"}
{"event":"run_started","level":"info","total_stages":2,"ts":"2026-06-09T12:55:42.201Z","run_id":"run-18240-1781009742200257400"}
{"event":"stage_started","level":"info","node_id":"n_mq6ipbkx_x6pfe","label":"Source","kind":"view","component":"src.postgres","ts":"2026-06-09T12:55:42.203Z","run_id":"run-18240-1781009742200257400"}
{"event":"stage_finished","level":"error","node_id":"n_mq6ipbkx_x6pfe","kind":"view","status":"error","rows":null,"duration_ms":776,"error":"query: Catalog Error: Table with name \"staging.stg_sales_invoices\" does not exist because schema \"staging\" does not exist.\r\n\r\nLINE 7:     SELECT expected_delivery_date AS d FROM staging.stg_sales_orders\r\n                       ^","component":"src.postgres","label":"Source","ts":"2026-06-09T12:55:42.979Z","run_id":"run-18240-1781009742200257400"}
{"event":"run_finished","level":"error","status":"error","duration_ms":779,"ts":"2026-06-09T12:55:42.979Z","run_id":"run-18240-1781009742200257400"}
{"event":"run_started","level":"info","total_stages":3,"ts":"2026-06-09T12:57:47.378Z","run_id":"run-18240-1781009867378307200"}
{"event":"stage_started","level":"info","node_id":"n_mq6ipbkx_x6pfe","label":"Source","kind":"view","component":"src.postgres","ts":"2026-06-09T12:57:47.378Z","run_id":"run-18240-1781009867378307200"}
{"event":"stage_finished","level":"error","node_id":"n_mq6ipbkx_x6pfe","kind":"view","status":"error","rows":null,"duration_ms":206,"error":"query: Catalog Error: Table with name \"staging.stg_sales_invoices\" does not exist because schema \"staging\" does not exist.\r\n\r\nLINE 7:     SELECT expected_delivery_date AS d FROM staging.stg_sales_orders\r\n                       ^","component":"src.postgres","label":"Source","ts":"2026-06-09T12:57:47.585Z","run_id":"run-18240-1781009867378307200"}
{"event":"run_finished","level":"error","status":"error","duration_ms":207,"ts":"2026-06-09T12:57:47.585Z","run_id":"run-18240-1781009867378307200"}
{"event":"run_started","level":"info","total_stages":3,"ts":"2026-06-09T12:58:10.840Z","run_id":"run-18240-1781009890839976000"}
{"event":"stage_started","level":"info","node_id":"n_mq6ipbkx_x6pfe","label":"Source","kind":"view","component":"src.postgres","ts":"2026-06-09T12:58:10.840Z","run_id":"run-18240-1781009890839976000"}
{"event":"stage_finished","level":"error","node_id":"n_mq6ipbkx_x6pfe","kind":"view","status":"error","rows":null,"duration_ms":166,"error":"query: Catalog Error: Table with name \"staging.stg_sales_invoices\" does not exist because schema \"staging\" does not exist.\r\n\r\nLINE 7:     SELECT expected_delivery_date AS d FROM staging.stg_sales_orders\r\n                       ^","component":"src.postgres","label":"Source","ts":"2026-06-09T12:58:11.006Z","run_id":"run-18240-1781009890839976000"}
{"event":"run_finished","level":"error","status":"error","duration_ms":166,"ts":"2026-06-09T12:58:11.006Z","run_id":"run-18240-1781009890839976000"}
{"event":"run_started","level":"info","total_stages":3,"ts":"2026-06-09T12:58:38.827Z","run_id":"run-18240-1781009918827403300"}
{"event":"stage_started","level":"info","node_id":"n_mq6ipbkx_x6pfe","label":"Source","kind":"view","component":"src.postgres","ts":"2026-06-09T12:58:38.827Z","run_id":"run-18240-1781009918827403300"}
{"event":"stage_finished","level":"error","node_id":"n_mq6ipbkx_x6pfe","kind":"view","status":"error","rows":null,"duration_ms":166,"error":"query: Catalog Error: Table with name \"staging.stg_sales_invoices\" does not exist because schema \"staging\" does not exist.\r\n\r\nLINE 7:     SELECT expected_delivery_date AS d FROM staging.stg_sales_orders\r\n                       ^","component":"src.postgres","label":"Source","ts":"2026-06-09T12:58:38.994Z","run_id":"run-18240-1781009918827403300"}
{"event":"run_finished","level":"error","status":"error","duration_ms":167,"ts":"2026-06-09T12:58:38.994Z","run_id":"run-18240-1781009918827403300"}
{"event":"run_started","level":"info","total_stages":3,"ts":"2026-06-09T12:58:49.749Z","run_id":"run-18240-1781009929748896800"}
{"event":"stage_started","level":"info","node_id":"n_mq6ipbkx_x6pfe","label":"Source","kind":"view","component":"src.postgres","ts":"2026-06-09T12:58:49.749Z","run_id":"run-18240-1781009929748896800"}
{"event":"stage_finished","level":"error","node_id":"n_mq6ipbkx_x6pfe","kind":"view","status":"error","rows":null,"duration_ms":166,"error":"query: Catalog Error: Table with name \"staging.stg_sales_invoices\" does not exist because schema \"staging\" does not exist.\r\n\r\nLINE 7:     SELECT expected_delivery_date AS d FROM staging.stg_sales_orders\r\n                       ^","component":"src.postgres","label":"Source","ts":"2026-06-09T12:58:49.915Z","run_id":"run-18240-1781009929748896800"}
{"event":"run_finished","level":"error","status":"error","duration_ms":167,"ts":"2026-06-09T12:58:49.915Z","run_id":"run-18240-1781009929748896800"}
{"event":"run_started","level":"info","total_stages":3,"ts":"2026-06-09T12:58:51.876Z","run_id":"run-18240-1781009931876107500"}
{"event":"stage_started","level":"info","node_id":"n_mq6ipbkx_x6pfe","label":"Source","kind":"view","component":"src.postgres","ts":"2026-06-09T12:58:51.876Z","run_id":"run-18240-1781009931876107500"}
{"event":"stage_finished","level":"error","node_id":"n_mq6ipbkx_x6pfe","kind":"view","status":"error","rows":null,"duration_ms":166,"error":"query: Catalog Error: Table with name \"staging.stg_sales_invoices\" does not exist because schema \"staging\" does not exist.\r\n\r\nLINE 7:     SELECT expected_delivery_date AS d FROM staging.stg_sales_orders\r\n                       ^","component":"src.postgres","label":"Source","ts":"2026-06-09T12:58:52.043Z","run_id":"run-18240-1781009931876107500"}
{"event":"run_finished","level":"error","status":"error","duration_ms":167,"ts":"2026-06-09T12:58:52.043Z","run_id":"run-18240-1781009931876107500"}
{"event":"run_started","level":"info","total_stages":3,"ts":"2026-06-09T12:59:02.618Z","run_id":"run-18240-1781009942618138100"}
{"event":"stage_started","level":"info","node_id":"n_mq6ipbkx_x6pfe","label":"Source","kind":"view","component":"src.postgres","ts":"2026-06-09T12:59:02.618Z","run_id":"run-18240-1781009942618138100"}
{"event":"stage_finished","level":"error","node_id":"n_mq6ipbkx_x6pfe","kind":"view","status":"error","rows":null,"duration_ms":368,"error":"query: Invalid Error: Failed to prepare COPY \"COPY (SELECT \"invoice_id\", \"customer_id\", \"bill_to_customer_id\", \"order_id\", \"delivery_method_id\", \"contact_person_id\", \"accounts_person_id\", \"salesperson_person_id\", \"packed_by_person_id\", \"invoice_date\", \"customer_purchase_order_number\", \"is_credit_note\", \"delivery_instructions\", \"total_dry_items\", \"total_chiller_items\", \"returned_delivery_data\", \"confirmed_delivery_time\", \"confirmed_received_by\", \"last_edited_by\", \"last_edited_when\", \"has_confirmed_delivery_time\", \"has_confirmed_received_by\", \"has_confirmed_delivery\" FROM \"staging\".\"stg_sales_invoices\" WHERE ctid BETWEEN '(0,0)'::tid AND '(1000,0)'::tid) TO STDOUT (FORMAT \"binary\");\": ERROR:  permission denied for schema staging\r\nLINE 1: ...irmed_received_by\", \"has_confirmed_delivery\" FROM \"staging\"....\r\n                                                             ^","component":"src.postgres","label":"Source","ts":"2026-06-09T12:59:02.986Z","run_id":"run-18240-1781009942618138100"}
{"event":"run_finished","level":"error","status":"error","duration_ms":369,"ts":"2026-06-09T12:59:02.987Z","run_id":"run-18240-1781009942618138100"}
{"event":"run_started","level":"info","total_stages":3,"ts":"2026-06-09T12:59:24.873Z","run_id":"run-18240-1781009964873852200"}
{"event":"stage_started","level":"info","node_id":"n_mq6ipbkx_x6pfe","label":"Source","kind":"view","component":"src.postgres","ts":"2026-06-09T12:59:24.874Z","run_id":"run-18240-1781009964873852200"}
{"event":"stage_finished","level":"error","node_id":"n_mq6ipbkx_x6pfe","kind":"view","status":"error","rows":null,"duration_ms":247,"error":"query: Invalid Error: Failed to prepare COPY \"COPY (SELECT \"invoice_id\", \"customer_id\", \"bill_to_customer_id\", \"order_id\", \"delivery_method_id\", \"contact_person_id\", \"accounts_person_id\", \"salesperson_person_id\", \"packed_by_person_id\", \"invoice_date\", \"customer_purchase_order_number\", \"is_credit_note\", \"delivery_instructions\", \"total_dry_items\", \"total_chiller_items\", \"returned_delivery_data\", \"confirmed_delivery_time\", \"confirmed_received_by\", \"last_edited_by\", \"last_edited_when\", \"has_confirmed_delivery_time\", \"has_confirmed_received_by\", \"has_confirmed_delivery\" FROM \"staging\".\"stg_sales_invoices\" WHERE ctid BETWEEN '(0,0)'::tid AND '(1000,0)'::tid) TO STDOUT (FORMAT \"binary\");\": ERROR:  permission denied for schema staging\r\nLINE 1: ...irmed_received_by\", \"has_confirmed_delivery\" FROM \"staging\"....\r\n                                                             ^","component":"src.postgres","label":"Source","ts":"2026-06-09T12:59:25.121Z","run_id":"run-18240-1781009964873852200"}
{"event":"run_finished","level":"error","status":"error","duration_ms":248,"ts":"2026-06-09T12:59:25.121Z","run_id":"run-18240-1781009964873852200"}
{"event":"run_started","level":"info","total_stages":3,"ts":"2026-06-09T12:59:56.251Z","run_id":"run-18240-1781009996251698600"}
{"event":"stage_started","level":"info","node_id":"n_mq6ipbkx_x6pfe","label":"Source","kind":"view","component":"src.postgres","ts":"2026-06-09T12:59:56.251Z","run_id":"run-18240-1781009996251698600"}
{"event":"stage_finished","level":"error","node_id":"n_mq6ipbkx_x6pfe","kind":"view","status":"error","rows":null,"duration_ms":449,"error":"query: Invalid Error: Failed to prepare COPY \"COPY (SELECT \"invoice_id\", \"customer_id\", \"bill_to_customer_id\", \"order_id\", \"delivery_method_id\", \"contact_person_id\", \"accounts_person_id\", \"salesperson_person_id\", \"packed_by_person_id\", \"invoice_date\", \"customer_purchase_order_number\", \"is_credit_note\", \"delivery_instructions\", \"total_dry_items\", \"total_chiller_items\", \"returned_delivery_data\", \"confirmed_delivery_time\", \"confirmed_received_by\", \"last_edited_by\", \"last_edited_when\", \"has_confirmed_delivery_time\", \"has_confirmed_received_by\", \"has_confirmed_delivery\" FROM \"staging\".\"stg_sales_invoices\" WHERE ctid BETWEEN '(0,0)'::tid AND '(1000,0)'::tid) TO STDOUT (FORMAT \"binary\");\": ERROR:  permission denied for schema staging\r\nLINE 1: ...irmed_received_by\", \"has_confirmed_delivery\" FROM \"staging\"....\r\n                                                             ^","component":"src.postgres","label":"Source","ts":"2026-06-09T12:59:56.701Z","run_id":"run-18240-1781009996251698600"}
{"event":"run_finished","level":"error","status":"error","duration_ms":449,"ts":"2026-06-09T12:59:56.701Z","run_id":"run-18240-1781009996251698600"}
{"event":"run_started","level":"info","total_stages":3,"ts":"2026-06-09T13:00:16.887Z","run_id":"run-18240-1781010016887111700"}
{"event":"stage_started","level":"info","node_id":"n_mq6ipbkx_x6pfe","label":"Source","kind":"view","component":"src.postgres","ts":"2026-06-09T13:00:16.887Z","run_id":"run-18240-1781010016887111700"}
{"event":"stage_finished","level":"error","node_id":"n_mq6ipbkx_x6pfe","kind":"view","status":"error","rows":null,"duration_ms":369,"error":"query: Invalid Error: Failed to prepare COPY \"COPY (SELECT \"invoice_id\", \"customer_id\", \"bill_to_customer_id\", \"order_id\", \"delivery_method_id\", \"contact_person_id\", \"accounts_person_id\", \"salesperson_person_id\", \"packed_by_person_id\", \"invoice_date\", \"customer_purchase_order_number\", \"is_credit_note\", \"delivery_instructions\", \"total_dry_items\", \"total_chiller_items\", \"returned_delivery_data\", \"confirmed_delivery_time\", \"confirmed_received_by\", \"last_edited_by\", \"last_edited_when\", \"has_confirmed_delivery_time\", \"has_confirmed_received_by\", \"has_confirmed_delivery\" FROM \"staging\".\"stg_sales_invoices\" WHERE ctid BETWEEN '(0,0)'::tid AND '(1000,0)'::tid) TO STDOUT (FORMAT \"binary\");\": ERROR:  permission denied for schema staging\r\nLINE 1: ...irmed_received_by\", \"has_confirmed_delivery\" FROM \"staging\"....\r\n                                                             ^","component":"src.postgres","label":"Source","ts":"2026-06-09T13:00:17.256Z","run_id":"run-18240-1781010016887111700"}
{"event":"run_finished","level":"error","status":"error","duration_ms":370,"ts":"2026-06-09T13:00:17.257Z","run_id":"run-18240-1781010016887111700"}
{"event":"run_started","level":"info","total_stages":3,"ts":"2026-06-09T13:00:28.741Z","run_id":"run-18240-1781010028741295500"}
{"event":"stage_started","level":"info","node_id":"n_mq6ipbkx_x6pfe","label":"Source","kind":"view","component":"src.postgres","ts":"2026-06-09T13:00:28.741Z","run_id":"run-18240-1781010028741295500"}
{"event":"stage_finished","level":"error","node_id":"n_mq6ipbkx_x6pfe","kind":"view","status":"error","rows":null,"duration_ms":287,"error":"query: Catalog Error: Table with name \"staging.stg_sales_invoices\" does not exist because schema \"staging\" does not exist.\r\n\r\nLINE 7:     SELECT expected_delivery_date AS d FROM staging.stg_sales_orders\r\n                       ^","component":"src.postgres","label":"Source","ts":"2026-06-09T13:00:29.029Z","run_id":"run-18240-1781010028741295500"}
{"event":"run_finished","level":"error","status":"error","duration_ms":288,"ts":"2026-06-09T13:00:29.029Z","run_id":"run-18240-1781010028741295500"}
{"event":"run_started","level":"info","total_stages":3,"ts":"2026-06-09T13:01:40.372Z","run_id":"run-18240-1781010100372367600"}
{"event":"stage_started","level":"info","node_id":"n_mq6ipbkx_x6pfe","label":"Source","kind":"view","component":"src.postgres","ts":"2026-06-09T13:01:40.372Z","run_id":"run-18240-1781010100372367600"}
{"event":"stage_finished","level":"error","node_id":"n_mq6ipbkx_x6pfe","kind":"view","status":"error","rows":null,"duration_ms":248,"error":"query: Invalid Error: Failed to prepare COPY \"COPY (SELECT \"invoice_id\", \"customer_id\", \"bill_to_customer_id\", \"order_id\", \"delivery_method_id\", \"contact_person_id\", \"accounts_person_id\", \"salesperson_person_id\", \"packed_by_person_id\", \"invoice_date\", \"customer_purchase_order_number\", \"is_credit_note\", \"delivery_instructions\", \"total_dry_items\", \"total_chiller_items\", \"returned_delivery_data\", \"confirmed_delivery_time\", \"confirmed_received_by\", \"last_edited_by\", \"last_edited_when\", \"has_confirmed_delivery_time\", \"has_confirmed_received_by\", \"has_confirmed_delivery\" FROM \"staging\".\"stg_sales_invoices\" WHERE ctid BETWEEN '(0,0)'::tid AND '(1000,0)'::tid) TO STDOUT (FORMAT \"binary\");\": ERROR:  permission denied for schema staging\r\nLINE 1: ...irmed_received_by\", \"has_confirmed_delivery\" FROM \"staging\"....\r\n                                                             ^","component":"src.postgres","label":"Source","ts":"2026-06-09T13:01:40.620Z","run_id":"run-18240-1781010100372367600"}
{"event":"run_finished","level":"error","status":"error","duration_ms":248,"ts":"2026-06-09T13:01:40.620Z","run_id":"run-18240-1781010100372367600"}
{"event":"run_started","level":"info","total_stages":3,"ts":"2026-06-09T13:01:52.501Z","run_id":"run-18240-1781010112501721600"}
{"event":"stage_started","level":"info","node_id":"n_mq6ipbkx_x6pfe","label":"Source","kind":"view","component":"src.postgres","ts":"2026-06-09T13:01:52.501Z","run_id":"run-18240-1781010112501721600"}
{"event":"stage_finished","level":"error","node_id":"n_mq6ipbkx_x6pfe","kind":"view","status":"error","rows":null,"duration_ms":450,"error":"query: Invalid Error: Failed to prepare COPY \"COPY (SELECT \"invoice_id\", \"customer_id\", \"bill_to_customer_id\", \"order_id\", \"delivery_method_id\", \"contact_person_id\", \"accounts_person_id\", \"salesperson_person_id\", \"packed_by_person_id\", \"invoice_date\", \"customer_purchase_order_number\", \"is_credit_note\", \"delivery_instructions\", \"total_dry_items\", \"total_chiller_items\", \"returned_delivery_data\", \"confirmed_delivery_time\", \"confirmed_received_by\", \"last_edited_by\", \"last_edited_when\", \"has_confirmed_delivery_time\", \"has_confirmed_received_by\", \"has_confirmed_delivery\" FROM \"staging\".\"stg_sales_invoices\" WHERE ctid BETWEEN '(0,0)'::tid AND '(1000,0)'::tid) TO STDOUT (FORMAT \"binary\");\": ERROR:  permission denied for schema staging\r\nLINE 1: ...irmed_received_by\", \"has_confirmed_delivery\" FROM \"staging\"....\r\n                                                             ^","component":"src.postgres","label":"Source","ts":"2026-06-09T13:01:52.952Z","run_id":"run-18240-1781010112501721600"}
{"event":"run_finished","level":"error","status":"error","duration_ms":451,"ts":"2026-06-09T13:01:52.952Z","run_id":"run-18240-1781010112501721600"}
{"event":"run_started","level":"info","total_stages":3,"ts":"2026-06-09T13:02:27.962Z","run_id":"run-18240-1781010147962746900"}
{"event":"stage_started","level":"info","node_id":"n_mq6ipbkx_x6pfe","label":"Source","kind":"view","component":"src.postgres","ts":"2026-06-09T13:02:27.963Z","run_id":"run-18240-1781010147962746900"}
{"event":"stage_finished","level":"error","node_id":"n_mq6ipbkx_x6pfe","kind":"view","status":"error","rows":null,"duration_ms":449,"error":"query: Invalid Error: Failed to prepare COPY \"COPY (SELECT \"invoice_id\", \"customer_id\", \"bill_to_customer_id\", \"order_id\", \"delivery_method_id\", \"contact_person_id\", \"accounts_person_id\", \"salesperson_person_id\", \"packed_by_person_id\", \"invoice_date\", \"customer_purchase_order_number\", \"is_credit_note\", \"delivery_instructions\", \"total_dry_items\", \"total_chiller_items\", \"returned_delivery_data\", \"confirmed_delivery_time\", \"confirmed_received_by\", \"last_edited_by\", \"last_edited_when\", \"has_confirmed_delivery_time\", \"has_confirmed_received_by\", \"has_confirmed_delivery\" FROM \"staging\".\"stg_sales_invoices\" WHERE ctid BETWEEN '(0,0)'::tid AND '(1000,0)'::tid) TO STDOUT (FORMAT \"binary\");\": ERROR:  permission denied for schema staging\r\nLINE 1: ...irmed_received_by\", \"has_confirmed_delivery\" FROM \"staging\"....\r\n                                                             ^","component":"src.postgres","label":"Source","ts":"2026-06-09T13:02:28.412Z","run_id":"run-18240-1781010147962746900"}
{"event":"run_finished","level":"error","status":"error","duration_ms":450,"ts":"2026-06-09T13:02:28.413Z","run_id":"run-18240-1781010147962746900"}
{"event":"run_started","level":"info","total_stages":3,"ts":"2026-06-09T13:04:35.365Z","run_id":"run-18240-1781010275365267800"}
{"event":"stage_started","level":"info","node_id":"n_mq6ipbkx_x6pfe","label":"Source","kind":"view","component":"src.postgres","ts":"2026-06-09T13:04:35.365Z","run_id":"run-18240-1781010275365267800"}
{"event":"stage_finished","level":"error","node_id":"n_mq6ipbkx_x6pfe","kind":"view","status":"error","rows":null,"duration_ms":247,"error":"query: Invalid Error: Failed to prepare COPY \"COPY (SELECT \"invoice_id\", \"customer_id\", \"bill_to_customer_id\", \"order_id\", \"delivery_method_id\", \"contact_person_id\", \"accounts_person_id\", \"salesperson_person_id\", \"packed_by_person_id\", \"invoice_date\", \"customer_purchase_order_number\", \"is_credit_note\", \"delivery_instructions\", \"total_dry_items\", \"total_chiller_items\", \"returned_delivery_data\", \"confirmed_delivery_time\", \"confirmed_received_by\", \"last_edited_by\", \"last_edited_when\", \"has_confirmed_delivery_time\", \"has_confirmed_received_by\", \"has_confirmed_delivery\" FROM \"staging\".\"stg_sales_invoices\" WHERE ctid BETWEEN '(0,0)'::tid AND '(1000,0)'::tid) TO STDOUT (FORMAT \"binary\");\": ERROR:  permission denied for schema staging\r\nLINE 1: ...irmed_received_by\", \"has_confirmed_delivery\" FROM \"staging\"....\r\n                                                             ^","component":"src.postgres","label":"Source","ts":"2026-06-09T13:04:35.613Z","run_id":"run-18240-1781010275365267800"}
{"event":"run_finished","level":"error","status":"error","duration_ms":248,"ts":"2026-06-09T13:04:35.613Z","run_id":"run-18240-1781010275365267800"}
{"event":"run_started","level":"info","total_stages":3,"ts":"2026-06-09T13:06:53.654Z","run_id":"run-18240-1781010413654556800"}
{"event":"stage_started","level":"info","node_id":"n_mq6ipbkx_x6pfe","label":"Source","kind":"view","component":"src.postgres","ts":"2026-06-09T13:06:53.654Z","run_id":"run-18240-1781010413654556800"}
{"event":"stage_finished","level":"error","node_id":"n_mq6ipbkx_x6pfe","kind":"view","status":"error","rows":null,"duration_ms":248,"error":"query: Catalog Error: Table with name \"staging.stg_sales_invoices\" does not exist because schema \"staging\" does not exist.\r\n\r\nLINE 4: ...)) TO 'C:/Users/TRINHN~1/AppData/Local/Temp/duckle_run_18240_1781010413654846500_15.duckdb.attsrc-n_mq6ipbkx_x6pfe.parquet...\r\n                                                                         ^","component":"src.postgres","label":"Source","ts":"2026-06-09T13:06:53.903Z","run_id":"run-18240-1781010413654556800"}
{"event":"run_finished","level":"error","status":"error","duration_ms":248,"ts":"2026-06-09T13:06:53.903Z","run_id":"run-18240-1781010413654556800"}
{"event":"run_started","level":"info","total_stages":3,"ts":"2026-06-09T13:07:36.948Z","run_id":"run-18240-1781010456947992200"}
{"event":"stage_started","level":"info","node_id":"n_mq6ipbkx_x6pfe","label":"Source","kind":"view","component":"src.postgres","ts":"2026-06-09T13:07:36.948Z","run_id":"run-18240-1781010456947992200"}
{"event":"stage_finished","level":"error","node_id":"n_mq6ipbkx_x6pfe","kind":"view","status":"error","rows":null,"duration_ms":328,"error":"query: Catalog Error: Table with name input does not exist!\r\nDid you mean \"pg_enum\"?\r\n\r\nLINE 4: ...~1/AppData/Local/Temp/duckle_run_18240_1781010456948343700_16.duckdb.attsrc-n_mq6ipbkx_x6pfe.parquet' (FORMAT PARQUET)\r\n                                                                        ^","component":"src.postgres","label":"Source","ts":"2026-06-09T13:07:37.276Z","run_id":"run-18240-1781010456947992200"}
{"event":"run_finished","level":"error","status":"error","duration_ms":328,"ts":"2026-06-09T13:07:37.276Z","run_id":"run-18240-1781010456947992200"}
{"event":"run_started","level":"info","total_stages":3,"ts":"2026-06-09T13:07:49.815Z","run_id":"run-18240-1781010469815434200"}
{"event":"stage_started","level":"info","node_id":"n_mq6ipbkx_x6pfe","label":"Source","kind":"view","component":"src.postgres","ts":"2026-06-09T13:07:49.815Z","run_id":"run-18240-1781010469815434200"}
{"event":"stage_finished","level":"error","node_id":"n_mq6ipbkx_x6pfe","kind":"view","status":"error","rows":null,"duration_ms":247,"error":"query: Catalog Error: Table with name staging.stg_sales_invoices does not exist!\r\nDid you mean \"duckle_src.staging.stg_sales_invoices\"?\r\n\r\nLINE 4: ...)) TO 'C:/Users/TRINHN~1/AppData/Local/Temp/duckle_run_18240_1781010469815714700_17.duckdb.attsrc-n_mq6ipbkx_x6pfe.parquet...\r\n                                                                       ^","component":"src.postgres","label":"Source","ts":"2026-06-09T13:07:50.063Z","run_id":"run-18240-1781010469815434200"}
{"event":"run_finished","level":"error","status":"error","duration_ms":248,"ts":"2026-06-09T13:07:50.063Z","run_id":"run-18240-1781010469815434200"}
{"event":"run_started","level":"info","total_stages":3,"ts":"2026-06-09T13:08:01.155Z","run_id":"run-18240-1781010481154844600"}
{"event":"stage_started","level":"info","node_id":"n_mq6ipbkx_x6pfe","label":"Source","kind":"view","component":"src.postgres","ts":"2026-06-09T13:08:01.155Z","run_id":"run-18240-1781010481154844600"}
{"event":"stage_finished","level":"error","node_id":"n_mq6ipbkx_x6pfe","kind":"view","status":"error","rows":null,"duration_ms":287,"error":"query: Invalid Error: Failed to prepare COPY \"COPY (SELECT \"invoice_id\", \"customer_id\", \"bill_to_customer_id\", \"order_id\", \"delivery_method_id\", \"contact_person_id\", \"accounts_person_id\", \"salesperson_person_id\", \"packed_by_person_id\", \"invoice_date\", \"customer_purchase_order_number\", \"is_credit_note\", \"delivery_instructions\", \"total_dry_items\", \"total_chiller_items\", \"returned_delivery_data\", \"confirmed_delivery_time\", \"confirmed_received_by\", \"last_edited_by\", \"last_edited_when\", \"has_confirmed_delivery_time\", \"has_confirmed_received_by\", \"has_confirmed_delivery\" FROM \"staging\".\"stg_sales_invoices\" WHERE ctid BETWEEN '(0,0)'::tid AND '(1000,0)'::tid) TO STDOUT (FORMAT \"binary\");\": ERROR:  permission denied for schema staging\r\nLINE 1: ...irmed_received_by\", \"has_confirmed_delivery\" FROM \"staging\"....\r\n                                                             ^","component":"src.postgres","label":"Source","ts":"2026-06-09T13:08:01.443Z","run_id":"run-18240-1781010481154844600"}
{"event":"run_finished","level":"error","status":"error","duration_ms":288,"ts":"2026-06-09T13:08:01.443Z","run_id":"run-18240-1781010481154844600"}
{"event":"run_started","level":"info","total_stages":3,"ts":"2026-06-09T13:08:35.079Z","run_id":"run-18240-1781010515079010400"}
{"event":"stage_started","level":"info","node_id":"n_mq6ipbkx_x6pfe","label":"Source","kind":"view","component":"src.postgres","ts":"2026-06-09T13:08:35.079Z","run_id":"run-18240-1781010515079010400"}
{"event":"stage_finished","level":"error","node_id":"n_mq6ipbkx_x6pfe","kind":"view","status":"error","rows":null,"duration_ms":448,"error":"query: Invalid Error: Failed to prepare COPY \"COPY (SELECT \"invoice_id\", \"customer_id\", \"bill_to_customer_id\", \"order_id\", \"delivery_method_id\", \"contact_person_id\", \"accounts_person_id\", \"salesperson_person_id\", \"packed_by_person_id\", \"invoice_date\", \"customer_purchase_order_number\", \"is_credit_note\", \"delivery_instructions\", \"total_dry_items\", \"total_chiller_items\", \"returned_delivery_data\", \"confirmed_delivery_time\", \"confirmed_received_by\", \"last_edited_by\", \"last_edited_when\", \"has_confirmed_delivery_time\", \"has_confirmed_received_by\", \"has_confirmed_delivery\" FROM \"staging\".\"stg_sales_invoices\" WHERE ctid BETWEEN '(0,0)'::tid AND '(1000,0)'::tid) TO STDOUT (FORMAT \"binary\");\": ERROR:  permission denied for schema staging\r\nLINE 1: ...irmed_received_by\", \"has_confirmed_delivery\" FROM \"staging\"....\r\n                                                             ^","component":"src.postgres","label":"Source","ts":"2026-06-09T13:08:35.528Z","run_id":"run-18240-1781010515079010400"}
{"event":"run_finished","level":"error","status":"error","duration_ms":449,"ts":"2026-06-09T13:08:35.528Z","run_id":"run-18240-1781010515079010400"}
{"event":"run_started","level":"info","total_stages":3,"ts":"2026-06-09T13:09:11.253Z","run_id":"run-18240-1781010551253773000"}
{"event":"stage_started","level":"info","node_id":"n_mq6ipbkx_x6pfe","label":"Source","kind":"view","component":"src.postgres","ts":"2026-06-09T13:09:11.254Z","run_id":"run-18240-1781010551253773000"}
{"event":"stage_finished","level":"error","node_id":"n_mq6ipbkx_x6pfe","kind":"view","status":"error","rows":null,"duration_ms":368,"error":"query: Invalid Error: Failed to prepare COPY \"COPY (SELECT \"invoice_id\", \"customer_id\", \"bill_to_customer_id\", \"order_id\", \"delivery_method_id\", \"contact_person_id\", \"accounts_person_id\", \"salesperson_person_id\", \"packed_by_person_id\", \"invoice_date\", \"customer_purchase_order_number\", \"is_credit_note\", \"delivery_instructions\", \"total_dry_items\", \"total_chiller_items\", \"returned_delivery_data\", \"confirmed_delivery_time\", \"confirmed_received_by\", \"last_edited_by\", \"last_edited_when\", \"has_confirmed_delivery_time\", \"has_confirmed_received_by\", \"has_confirmed_delivery\" FROM \"staging\".\"stg_sales_invoices\" WHERE ctid BETWEEN '(0,0)'::tid AND '(1000,0)'::tid) TO STDOUT (FORMAT \"binary\");\": ERROR:  permission denied for schema staging\r\nLINE 1: ...irmed_received_by\", \"has_confirmed_delivery\" FROM \"staging\"....\r\n                                                             ^","component":"src.postgres","label":"Source","ts":"2026-06-09T13:09:11.622Z","run_id":"run-18240-1781010551253773000"}
{"event":"run_finished","level":"error","status":"error","duration_ms":368,"ts":"2026-06-09T13:09:11.622Z","run_id":"run-18240-1781010551253773000"}
{"event":"run_started","level":"info","total_stages":1,"ts":"2026-06-09T13:09:19.260Z","run_id":"run-18240-1781010559260560600"}
{"event":"stage_started","level":"info","node_id":"n_mq6ipbkx_x6pfe","label":"Source","kind":"view","component":"src.postgres","ts":"2026-06-09T13:09:19.260Z","run_id":"run-18240-1781010559260560600"}
{"event":"stage_finished","level":"error","node_id":"n_mq6ipbkx_x6pfe","kind":"view","status":"error","rows":null,"duration_ms":248,"error":"query: Invalid Error: Failed to prepare COPY \"COPY (SELECT \"invoice_id\", \"customer_id\", \"bill_to_customer_id\", \"order_id\", \"delivery_method_id\", \"contact_person_id\", \"accounts_person_id\", \"salesperson_person_id\", \"packed_by_person_id\", \"invoice_date\", \"customer_purchase_order_number\", \"is_credit_note\", \"delivery_instructions\", \"total_dry_items\", \"total_chiller_items\", \"returned_delivery_data\", \"confirmed_delivery_time\", \"confirmed_received_by\", \"last_edited_by\", \"last_edited_when\", \"has_confirmed_delivery_time\", \"has_confirmed_received_by\", \"has_confirmed_delivery\" FROM \"staging\".\"stg_sales_invoices\" WHERE ctid BETWEEN '(0,0)'::tid AND '(1000,0)'::tid) TO STDOUT (FORMAT \"binary\");\": ERROR:  permission denied for schema staging\r\nLINE 1: ...irmed_received_by\", \"has_confirmed_delivery\" FROM \"staging\"....\r\n                                                             ^","component":"src.postgres","label":"Source","ts":"2026-06-09T13:09:19.509Z","run_id":"run-18240-1781010559260560600"}
{"event":"run_finished","level":"error","status":"error","duration_ms":249,"ts":"2026-06-09T13:09:19.509Z","run_id":"run-18240-1781010559260560600"}
{"event":"run_started","level":"info","total_stages":1,"ts":"2026-06-09T13:10:15.470Z","run_id":"run-18240-1781010615470400900"}
{"event":"stage_started","level":"info","node_id":"n_mq6ipbkx_x6pfe","label":"Source","kind":"view","component":"src.postgres","ts":"2026-06-09T13:10:15.470Z","run_id":"run-18240-1781010615470400900"}
{"event":"stage_finished","level":"error","node_id":"n_mq6ipbkx_x6pfe","kind":"view","status":"error","rows":null,"duration_ms":247,"error":"query: Invalid Error: Failed to prepare COPY \"COPY (SELECT \"invoice_id\", \"customer_id\", \"bill_to_customer_id\", \"order_id\", \"delivery_method_id\", \"contact_person_id\", \"accounts_person_id\", \"salesperson_person_id\", \"packed_by_person_id\", \"invoice_date\", \"customer_purchase_order_number\", \"is_credit_note\", \"delivery_instructions\", \"total_dry_items\", \"total_chiller_items\", \"returned_delivery_data\", \"confirmed_delivery_time\", \"confirmed_received_by\", \"last_edited_by\", \"last_edited_when\", \"has_confirmed_delivery_time\", \"has_confirmed_received_by\", \"has_confirmed_delivery\" FROM \"staging\".\"stg_sales_invoices\" WHERE ctid BETWEEN '(0,0)'::tid AND '(1000,0)'::tid) TO STDOUT (FORMAT \"binary\");\": ERROR:  permission denied for schema staging\r\nLINE 1: ...irmed_received_by\", \"has_confirmed_delivery\" FROM \"staging\"....\r\n                                                             ^","component":"src.postgres","label":"Source","ts":"2026-06-09T13:10:15.718Z","run_id":"run-18240-1781010615470400900"}
{"event":"run_finished","level":"error","status":"error","duration_ms":247,"ts":"2026-06-09T13:10:15.718Z","run_id":"run-18240-1781010615470400900"}
{"event":"run_started","level":"info","total_stages":1,"ts":"2026-06-09T13:10:34.542Z","run_id":"run-18240-1781010634542466600"}
{"event":"stage_started","level":"info","node_id":"n_mq6ipbkx_x6pfe","label":"Source","kind":"view","component":"src.postgres","ts":"2026-06-09T13:10:34.542Z","run_id":"run-18240-1781010634542466600"}
{"event":"stage_finished","level":"error","node_id":"n_mq6ipbkx_x6pfe","kind":"view","status":"error","rows":null,"duration_ms":85,"error":"query: Parser Error: syntax error at or near \";\"\r\n\r\nLINE 4:     current_schema;)) TO 'C:/Users/TRINHN~1/AppData/Local/Temp/duckle_run_182...\r\n                          ^","component":"src.postgres","label":"Source","ts":"2026-06-09T13:10:34.628Z","run_id":"run-18240-1781010634542466600"}
{"event":"run_finished","level":"error","status":"error","duration_ms":86,"ts":"2026-06-09T13:10:34.628Z","run_id":"run-18240-1781010634542466600"}
{"event":"run_started","level":"info","total_stages":1,"ts":"2026-06-09T13:10:40.949Z","run_id":"run-18240-1781010640949495300"}
{"event":"stage_started","level":"info","node_id":"n_mq6ipbkx_x6pfe","label":"Source","kind":"view","component":"src.postgres","ts":"2026-06-09T13:10:40.949Z","run_id":"run-18240-1781010640949495300"}
{"event":"stage_finished","level":"info","node_id":"n_mq6ipbkx_x6pfe","kind":"view","status":"ok","rows":1,"duration_ms":206,"error":null,"component":"src.postgres","label":"Source","ts":"2026-06-09T13:10:41.242Z","run_id":"run-18240-1781010640949495300"}
{"event":"run_finished","level":"info","status":"ok","duration_ms":292,"ts":"2026-06-09T13:10:41.242Z","run_id":"run-18240-1781010640949495300"}
{"event":"run_started","level":"info","total_stages":1,"ts":"2026-06-09T13:11:32.430Z","run_id":"run-18240-1781010692430166300"}
{"event":"stage_started","level":"info","node_id":"n_mq6ipbkx_x6pfe","label":"Source","kind":"view","component":"src.postgres","ts":"2026-06-09T13:11:32.430Z","run_id":"run-18240-1781010692430166300"}
{"event":"stage_finished","level":"error","node_id":"n_mq6ipbkx_x6pfe","kind":"view","status":"error","rows":null,"duration_ms":287,"error":"query: Catalog Error: Table with name \"staging.stg_sales_invoices\" does not exist because schema \"staging\" does not exist.\r\n\r\nLINE 7:     SELECT expected_delivery_date AS d FROM staging.stg_sales_orders\r\n                       ^","component":"src.postgres","label":"Source","ts":"2026-06-09T13:11:32.717Z","run_id":"run-18240-1781010692430166300"}
{"event":"run_finished","level":"error","status":"error","duration_ms":287,"ts":"2026-06-09T13:11:32.718Z","run_id":"run-18240-1781010692430166300"}
{"event":"run_started","level":"info","total_stages":1,"ts":"2026-06-09T13:12:07.777Z","run_id":"run-18240-1781010727777486000"}
{"event":"stage_started","level":"info","node_id":"n_mq6ipbkx_x6pfe","label":"Source","kind":"view","component":"src.postgres","ts":"2026-06-09T13:12:07.777Z","run_id":"run-18240-1781010727777486000"}
{"event":"stage_finished","level":"error","node_id":"n_mq6ipbkx_x6pfe","kind":"view","status":"error","rows":null,"duration_ms":327,"error":"query: Catalog Error: Table with name stg_sales_invoices does not exist!\r\nDid you mean \"duckle_src.staging.stg_sales_invoices\"?\r\n\r\nLINE 13:     SELECT expected_delivery_date AS d FROM stg_sales_orders\r\n                                    ^","component":"src.postgres","label":"Source","ts":"2026-06-09T13:12:08.105Z","run_id":"run-18240-1781010727777486000"}
{"event":"run_finished","level":"error","status":"error","duration_ms":327,"ts":"2026-06-09T13:12:08.105Z","run_id":"run-18240-1781010727777486000"}
{"event":"run_started","level":"info","total_stages":1,"ts":"2026-06-09T13:12:58.638Z","run_id":"run-18240-1781010778638547600"}
{"event":"stage_started","level":"info","node_id":"n_mq6ipbkx_x6pfe","label":"Source","kind":"view","component":"src.postgres","ts":"2026-06-09T13:12:58.638Z","run_id":"run-18240-1781010778638547600"}
{"event":"stage_finished","level":"error","node_id":"n_mq6ipbkx_x6pfe","kind":"view","status":"error","rows":null,"duration_ms":207,"error":"query: Catalog Error: Table with name stg_sales_invoices does not exist!\r\nDid you mean \"duckle_src.staging.stg_sales_invoices\"?\r\n\r\nLINE 13:     SELECT expected_delivery_date AS d FROM stg_sales_orders\r\n                                    ^","component":"src.postgres","label":"Source","ts":"2026-06-09T13:12:58.845Z","run_id":"run-18240-1781010778638547600"}
{"event":"run_finished","level":"error","status":"error","duration_ms":207,"ts":"2026-06-09T13:12:58.845Z","run_id":"run-18240-1781010778638547600"}
{"event":"run_started","level":"info","total_stages":1,"ts":"2026-06-09T13:13:45.181Z","run_id":"run-18240-1781010825181522900"}
{"event":"stage_started","level":"info","node_id":"n_mq6ipbkx_x6pfe","label":"Source","kind":"view","component":"src.postgres","ts":"2026-06-09T13:13:45.181Z","run_id":"run-18240-1781010825181522900"}
{"event":"stage_finished","level":"error","node_id":"n_mq6ipbkx_x6pfe","kind":"view","status":"error","rows":null,"duration_ms":85,"error":"query: Parser Error: syntax error at or near \";\"\r\n\r\nLINE 15: WHERE d IS NOT NULL;)) TO 'C:/Users/TRINHN~1/AppData/Local/Temp/duckle_run_182...\r\n                            ^","component":"src.postgres","label":"Source","ts":"2026-06-09T13:13:45.267Z","run_id":"run-18240-1781010825181522900"}
{"event":"run_finished","level":"error","status":"error","duration_ms":86,"ts":"2026-06-09T13:13:45.267Z","run_id":"run-18240-1781010825181522900"}
{"event":"run_started","level":"info","total_stages":1,"ts":"2026-06-09T13:13:49.525Z","run_id":"run-18240-1781010829525509600"}
{"event":"stage_started","level":"info","node_id":"n_mq6ipbkx_x6pfe","label":"Source","kind":"view","component":"src.postgres","ts":"2026-06-09T13:13:49.525Z","run_id":"run-18240-1781010829525509600"}
{"event":"stage_finished","level":"error","node_id":"n_mq6ipbkx_x6pfe","kind":"view","status":"error","rows":null,"duration_ms":166,"error":"query: Catalog Error: Table with name \"staging.stg_sales_invoices\" does not exist because schema \"staging\" does not exist.\r\n\r\nLINE 7:     SELECT expected_delivery_date FROM staging.stg_sales_orders\r\n                            ^","component":"src.postgres","label":"Source","ts":"2026-06-09T13:13:49.692Z","run_id":"run-18240-1781010829525509600"}
{"event":"run_finished","level":"error","status":"error","duration_ms":166,"ts":"2026-06-09T13:13:49.692Z","run_id":"run-18240-1781010829525509600"}
{"event":"run_started","level":"info","total_stages":1,"ts":"2026-06-09T13:20:38.260Z","run_id":"run-18240-1781011238260533200"}
{"event":"stage_started","level":"info","node_id":"n_mq6ipbkx_x6pfe","label":"Source","kind":"view","component":"src.postgres","ts":"2026-06-09T13:20:38.261Z","run_id":"run-18240-1781011238260533200"}
{"event":"stage_finished","level":"error","node_id":"n_mq6ipbkx_x6pfe","kind":"view","status":"error","rows":null,"duration_ms":167,"error":"query: Catalog Error: Table with name \"staging.stg_sales_invoices\" does not exist because schema \"staging\" does not exist.\r\n\r\nLINE 7:     SELECT expected_delivery_date FROM staging.stg_sales_orders\r\n                            ^","component":"src.postgres","label":"Source","ts":"2026-06-09T13:20:38.428Z","run_id":"run-18240-1781011238260533200"}
{"event":"run_finished","level":"error","status":"error","duration_ms":168,"ts":"2026-06-09T13:20:38.428Z","run_id":"run-18240-1781011238260533200"}
{"event":"run_started","level":"info","total_stages":3,"ts":"2026-06-09T13:23:37.279Z","run_id":"run-18240-1781011417279709000"}
{"event":"stage_started","level":"info","node_id":"n_mq6ipbkx_x6pfe","label":"Source","kind":"view","component":"src.postgres","ts":"2026-06-09T13:23:37.279Z","run_id":"run-18240-1781011417279709000"}
{"event":"stage_finished","level":"error","node_id":"n_mq6ipbkx_x6pfe","kind":"view","status":"error","rows":null,"duration_ms":328,"error":"query: Invalid Error: Failed to prepare COPY \"COPY (SELECT \"invoice_id\", \"customer_id\", \"bill_to_customer_id\", \"order_id\", \"delivery_method_id\", \"contact_person_id\", \"accounts_person_id\", \"salesperson_person_id\", \"packed_by_person_id\", \"invoice_date\", \"customer_purchase_order_number\", \"is_credit_note\", \"delivery_instructions\", \"total_dry_items\", \"total_chiller_items\", \"returned_delivery_data\", \"confirmed_delivery_time\", \"confirmed_received_by\", \"last_edited_by\", \"last_edited_when\", \"has_confirmed_delivery_time\", \"has_confirmed_received_by\", \"has_confirmed_delivery\" FROM \"staging\".\"stg_sales_invoices\" WHERE ctid BETWEEN '(0,0)'::tid AND '(1000,0)'::tid) TO STDOUT (FORMAT \"binary\");\": ERROR:  permission denied for schema staging\r\nLINE 1: ...irmed_received_by\", \"has_confirmed_delivery\" FROM \"staging\"....\r\n                                                             ^","component":"src.postgres","label":"Source","ts":"2026-06-09T13:23:37.608Z","run_id":"run-18240-1781011417279709000"}
{"event":"run_finished","level":"error","status":"error","duration_ms":328,"ts":"2026-06-09T13:23:37.608Z","run_id":"run-18240-1781011417279709000"}
{"event":"run_started","level":"info","total_stages":3,"ts":"2026-06-09T13:24:30.806Z","run_id":"run-18240-1781011470806574900"}
{"event":"stage_started","level":"info","node_id":"n_mq6ipbkx_x6pfe","label":"Source","kind":"view","component":"src.postgres","ts":"2026-06-09T13:24:30.806Z","run_id":"run-18240-1781011470806574900"}
{"event":"stage_finished","level":"error","node_id":"n_mq6ipbkx_x6pfe","kind":"view","status":"error","rows":null,"duration_ms":329,"error":"query: Invalid Error: Failed to prepare COPY \"COPY (SELECT \"invoice_id\", \"customer_id\", \"bill_to_customer_id\", \"order_id\", \"delivery_method_id\", \"contact_person_id\", \"accounts_person_id\", \"salesperson_person_id\", \"packed_by_person_id\", \"invoice_date\", \"customer_purchase_order_number\", \"is_credit_note\", \"delivery_instructions\", \"total_dry_items\", \"total_chiller_items\", \"returned_delivery_data\", \"confirmed_delivery_time\", \"confirmed_received_by\", \"last_edited_by\", \"last_edited_when\", \"has_confirmed_delivery_time\", \"has_confirmed_received_by\", \"has_confirmed_delivery\" FROM \"staging\".\"stg_sales_invoices\" WHERE ctid BETWEEN '(0,0)'::tid AND '(1000,0)'::tid) TO STDOUT (FORMAT \"binary\");\": ERROR:  permission denied for schema staging\r\nLINE 1: ...irmed_received_by\", \"has_confirmed_delivery\" FROM \"staging\"....\r\n                                                             ^","component":"src.postgres","label":"Source","ts":"2026-06-09T13:24:31.136Z","run_id":"run-18240-1781011470806574900"}
{"event":"run_finished","level":"error","status":"error","duration_ms":330,"ts":"2026-06-09T13:24:31.136Z","run_id":"run-18240-1781011470806574900"}
{"event":"run_started","level":"info","total_stages":3,"ts":"2026-06-09T13:25:55.022Z","run_id":"run-18240-1781011555022295100"}
{"event":"stage_started","level":"info","node_id":"n_mq6ipbkx_x6pfe","label":"Source","kind":"view","component":"src.postgres","ts":"2026-06-09T13:25:55.022Z","run_id":"run-18240-1781011555022295100"}
{"event":"stage_finished","level":"error","node_id":"n_mq6ipbkx_x6pfe","kind":"view","status":"error","rows":null,"duration_ms":287,"error":"query: Catalog Error: Table with name \"staging.stg_sales_invoices\" does not exist because schema \"staging\" does not exist.\r\n\r\nLINE 3: ...~1/AppData/Local/Temp/duckle_run_18240_1781011555022631600_33.duckdb.attsrc-n_mq6ipbkx_x6pfe.parquet' (FORMAT PARQUET)\r\n                                                                       ^","component":"src.postgres","label":"Source","ts":"2026-06-09T13:25:55.310Z","run_id":"run-18240-1781011555022295100"}
{"event":"run_finished","level":"error","status":"error","duration_ms":288,"ts":"2026-06-09T13:25:55.310Z","run_id":"run-18240-1781011555022295100"}
{"event":"run_started","level":"info","total_stages":3,"ts":"2026-06-09T13:26:14.278Z","run_id":"run-18240-1781011574278541700"}
{"event":"stage_started","level":"info","node_id":"n_mq6ipbkx_x6pfe","label":"Source","kind":"view","component":"src.postgres","ts":"2026-06-09T13:26:14.278Z","run_id":"run-18240-1781011574278541700"}
{"event":"stage_finished","level":"error","node_id":"n_mq6ipbkx_x6pfe","kind":"view","status":"error","rows":null,"duration_ms":207,"error":"query: Catalog Error: Table with name stg_sales_invoices does not exist!\r\nDid you mean \"duckle_src.staging.stg_sales_invoices\"?\r\n\r\nLINE 3: .../Local/Temp/duckle_run_18240_1781011574278797500_34.duckdb.attsrc-n_mq6ipbkx_x6pfe.parquet' (FORMAT PARQUET)\r\n                                                                     ^","component":"src.postgres","label":"Source","ts":"2026-06-09T13:26:14.486Z","run_id":"run-18240-1781011574278541700"}
{"event":"run_finished","level":"error","status":"error","duration_ms":208,"ts":"2026-06-09T13:26:14.486Z","run_id":"run-18240-1781011574278541700"}
{"event":"run_started","level":"info","total_stages":3,"ts":"2026-06-09T13:26:53.306Z","run_id":"run-18240-1781011613306763500"}
{"event":"stage_started","level":"info","node_id":"n_mq6ipbkx_x6pfe","label":"Source","kind":"view","component":"src.postgres","ts":"2026-06-09T13:26:53.307Z","run_id":"run-18240-1781011613306763500"}
{"event":"stage_finished","level":"error","node_id":"n_mq6ipbkx_x6pfe","kind":"view","status":"error","rows":null,"duration_ms":246,"error":"query: Invalid Error: Failed to prepare COPY \"COPY (SELECT \"invoice_id\", \"customer_id\", \"bill_to_customer_id\", \"order_id\", \"delivery_method_id\", \"contact_person_id\", \"accounts_person_id\", \"salesperson_person_id\", \"packed_by_person_id\", \"invoice_date\", \"customer_purchase_order_number\", \"is_credit_note\", \"delivery_instructions\", \"total_dry_items\", \"total_chiller_items\", \"returned_delivery_data\", \"confirmed_delivery_time\", \"confirmed_received_by\", \"last_edited_by\", \"last_edited_when\", \"has_confirmed_delivery_time\", \"has_confirmed_received_by\", \"has_confirmed_delivery\" FROM \"staging\".\"stg_sales_invoices\" WHERE ctid BETWEEN '(0,0)'::tid AND '(1000,0)'::tid) TO STDOUT (FORMAT \"binary\");\": ERROR:  permission denied for schema staging\r\nLINE 1: ...irmed_received_by\", \"has_confirmed_delivery\" FROM \"staging\"....\r\n                                                             ^","component":"src.postgres","label":"Source","ts":"2026-06-09T13:26:53.554Z","run_id":"run-18240-1781011613306763500"}
{"event":"run_finished","level":"error","status":"error","duration_ms":247,"ts":"2026-06-09T13:26:53.554Z","run_id":"run-18240-1781011613306763500"}
{"event":"run_started","level":"info","total_stages":3,"ts":"2026-06-09T13:28:04.312Z","run_id":"run-18240-1781011684312107000"}
{"event":"stage_started","level":"info","node_id":"n_mq6ipbkx_x6pfe","label":"Source","kind":"view","component":"src.postgres","ts":"2026-06-09T13:28:04.312Z","run_id":"run-18240-1781011684312107000"}
{"event":"stage_finished","level":"error","node_id":"n_mq6ipbkx_x6pfe","kind":"view","status":"error","rows":null,"duration_ms":368,"error":"query: Invalid Error: Failed to prepare COPY \"COPY (SELECT \"invoice_id\", \"customer_id\", \"bill_to_customer_id\", \"order_id\", \"delivery_method_id\", \"contact_person_id\", \"accounts_person_id\", \"salesperson_person_id\", \"packed_by_person_id\", \"invoice_date\", \"customer_purchase_order_number\", \"is_credit_note\", \"delivery_instructions\", \"total_dry_items\", \"total_chiller_items\", \"returned_delivery_data\", \"confirmed_delivery_time\", \"confirmed_received_by\", \"last_edited_by\", \"last_edited_when\", \"has_confirmed_delivery_time\", \"has_confirmed_received_by\", \"has_confirmed_delivery\" FROM \"staging\".\"stg_sales_invoices\" WHERE ctid BETWEEN '(0,0)'::tid AND '(1000,0)'::tid) TO STDOUT (FORMAT \"binary\");\": ERROR:  permission denied for schema staging\r\nLINE 1: ...irmed_received_by\", \"has_confirmed_delivery\" FROM \"staging\"....\r\n                                                             ^","component":"src.postgres","label":"Source","ts":"2026-06-09T13:28:04.681Z","run_id":"run-18240-1781011684312107000"}
{"event":"run_finished","level":"error","status":"error","duration_ms":369,"ts":"2026-06-09T13:28:04.681Z","run_id":"run-18240-1781011684312107000"}
{"event":"run_started","level":"info","total_stages":3,"ts":"2026-06-09T13:28:06.149Z","run_id":"run-18240-1781011686148992800"}
{"event":"stage_started","level":"info","node_id":"n_mq6ipbkx_x6pfe","label":"Source","kind":"view","component":"src.postgres","ts":"2026-06-09T13:28:06.149Z","run_id":"run-18240-1781011686148992800"}
{"event":"stage_finished","level":"error","node_id":"n_mq6ipbkx_x6pfe","kind":"view","status":"error","rows":null,"duration_ms":328,"error":"query: Invalid Error: Failed to prepare COPY \"COPY (SELECT \"invoice_id\", \"customer_id\", \"bill_to_customer_id\", \"order_id\", \"delivery_method_id\", \"contact_person_id\", \"accounts_person_id\", \"salesperson_person_id\", \"packed_by_person_id\", \"invoice_date\", \"customer_purchase_order_number\", \"is_credit_note\", \"delivery_instructions\", \"total_dry_items\", \"total_chiller_items\", \"returned_delivery_data\", \"confirmed_delivery_time\", \"confirmed_received_by\", \"last_edited_by\", \"last_edited_when\", \"has_confirmed_delivery_time\", \"has_confirmed_received_by\", \"has_confirmed_delivery\" FROM \"staging\".\"stg_sales_invoices\" WHERE ctid BETWEEN '(0,0)'::tid AND '(1000,0)'::tid) TO STDOUT (FORMAT \"binary\");\": ERROR:  permission denied for schema staging\r\nLINE 1: ...irmed_received_by\", \"has_confirmed_delivery\" FROM \"staging\"....\r\n                                                             ^","component":"src.postgres","label":"Source","ts":"2026-06-09T13:28:06.477Z","run_id":"run-18240-1781011686148992800"}
{"event":"run_finished","level":"error","status":"error","duration_ms":329,"ts":"2026-06-09T13:28:06.477Z","run_id":"run-18240-1781011686148992800"}
{"event":"run_started","level":"info","total_stages":3,"ts":"2026-06-09T13:28:08.956Z","run_id":"run-18240-1781011688956391600"}
{"event":"stage_started","level":"info","node_id":"n_mq6ipbkx_x6pfe","label":"Source","kind":"view","component":"src.postgres","ts":"2026-06-09T13:28:08.956Z","run_id":"run-18240-1781011688956391600"}
{"event":"stage_finished","level":"error","node_id":"n_mq6ipbkx_x6pfe","kind":"view","status":"error","rows":null,"duration_ms":247,"error":"query: Invalid Error: Failed to prepare COPY \"COPY (SELECT \"invoice_id\", \"customer_id\", \"bill_to_customer_id\", \"order_id\", \"delivery_method_id\", \"contact_person_id\", \"accounts_person_id\", \"salesperson_person_id\", \"packed_by_person_id\", \"invoice_date\", \"customer_purchase_order_number\", \"is_credit_note\", \"delivery_instructions\", \"total_dry_items\", \"total_chiller_items\", \"returned_delivery_data\", \"confirmed_delivery_time\", \"confirmed_received_by\", \"last_edited_by\", \"last_edited_when\", \"has_confirmed_delivery_time\", \"has_confirmed_received_by\", \"has_confirmed_delivery\" FROM \"staging\".\"stg_sales_invoices\" WHERE ctid BETWEEN '(0,0)'::tid AND '(1000,0)'::tid) TO STDOUT (FORMAT \"binary\");\": ERROR:  permission denied for schema staging\r\nLINE 1: ...irmed_received_by\", \"has_confirmed_delivery\" FROM \"staging\"....\r\n                                                             ^","component":"src.postgres","label":"Source","ts":"2026-06-09T13:28:09.204Z","run_id":"run-18240-1781011688956391600"}
{"event":"run_finished","level":"error","status":"error","duration_ms":248,"ts":"2026-06-09T13:28:09.204Z","run_id":"run-18240-1781011688956391600"}
